<?xml version="1.0" encoding="UTF-8"?>
<!-- Generated by org.testng.reporters.JUnitReportReporter -->
<testsuite skipped="0" hostname="LAPTOP-KABH65JU" name="com.ECFW.testClass.TestEngineersConnectLogin" tests="1" failures="0" timestamp="22 Jan 2019 10:12:10 GMT" time="19.025" errors="0">
  <testcase name="engineersConnectLoginTest" time="19.025" classname="com.ECFW.testClass.TestEngineersConnectLogin"/>
</testsuite> <!-- com.ECFW.testClass.TestEngineersConnectLogin -->
